\BOOKMARK [0][-]{chapter.1}{\376\377\000S\000e\000p\000t\000e\000m\000b\000e\000r\000\040\0002\0000\0001\0001}{}% 1
\BOOKMARK [1][-]{section.1.1}{\376\377\305\110\261\125\325\130\301\070\306\224}{chapter.1}% 2
\BOOKMARK [1][-]{section.1.2}{\376\377\000E\000x\000p\000l\000a\000n\000a\000t\000i\000o\000n}{chapter.1}% 3
\BOOKMARK [1][-]{section.1.3}{\376\377\000T\000r\000i\000p\000\040\000t\000o\000m\000o\000r\000r\000o\000w\000!}{chapter.1}% 4
\BOOKMARK [1][-]{section.1.4}{\376\377\000A\000\040\000f\000o\000r\000t\000n\000i\000g\000h\000t}{chapter.1}% 5
\BOOKMARK [1][-]{section.1.5}{\376\377\000S\000t\000u\000d\000y\000\040\000t\000i\000m\000e\000\040\000a\000g\000a\000i\000n}{chapter.1}% 6
\BOOKMARK [1][-]{section.1.6}{\376\377\000E\000d\000e\000n\000\040\000o\000r\000\040\000H\000e\000l\000l}{chapter.1}% 7
\BOOKMARK [1][-]{section.1.7}{\376\377\000T\000h\000e\000\040\000b\000e\000s\000t\000\040\000c\000i\000t\000y\000\040\000t\000o\000u\000r\000\040\000e\000v\000e\000r\000\040\000a\000n\000d\000\040\000t\000h\000e\000\040\000t\000o\000w\000e\000r\000\040\000o\000f\000\040\000l\000o\000v\000e}{chapter.1}% 8
\BOOKMARK [1][-]{section.1.8}{\376\377\000A\000u\000t\000u\000m\000n\000\040\000i\000n\000\040\000S\000e\000o\000u\000l}{chapter.1}% 9
\BOOKMARK [1][-]{section.1.9}{\376\377\000F\000i\000n\000a\000l\000l\000y\000\040\000m\000o\000b\000i\000l\000e}{chapter.1}% 10
\BOOKMARK [1][-]{section.1.10}{\376\377\000L\000o\000t\000t\000e\000\040\000W\000o\000r\000l\000d\000.\000.\000.}{chapter.1}% 11
\BOOKMARK [1][-]{section.1.11}{\376\377\000A\000p\000o\000l\000o\000g\000y\000\040\000t\000o\000\040\000K\000o\000r\000e\000a\000n\000\040\000c\000u\000l\000t\000u\000r\000e}{chapter.1}% 12
\BOOKMARK [0][-]{chapter.2}{\376\377\000O\000c\000t\000o\000b\000e\000r\000\040\0002\0000\0001\0001}{}% 13
\BOOKMARK [1][-]{section.2.1}{\376\377\000S\000t\000r\000i\000k\000e\000o\000u\000t}{chapter.2}% 14
\BOOKMARK [1][-]{section.2.2}{\376\377\000f\000m\000l}{chapter.2}% 15
\BOOKMARK [1][-]{section.2.3}{\376\377\000N\000R\000B}{chapter.2}% 16
\BOOKMARK [1][-]{section.2.4}{\376\377\000W\000e\000\040\000d\000i\000d\000n\000'\000t\000\040\000s\000t\000a\000r\000t\000\040\000t\000h\000e\000\040\000f\000i\000r\000e\000.\000.\000.}{chapter.2}% 17
\BOOKMARK [1][-]{section.2.5}{\376\377\000I\000t\000'\000s\000\040\000r\000a\000i\000n\000i\000n\000g\000\040\000i\000n\000\040\000p\000a\000r\000a\000d\000i\000s\000e}{chapter.2}% 18
\BOOKMARK [1][-]{section.2.6}{\376\377\000C\000u\000l\000i\000n\000a\000r\000y\000\040\000a\000d\000v\000e\000n\000t\000u\000r\000e\000s\000\040\000I\000.}{chapter.2}% 19
\BOOKMARK [0][-]{chapter.3}{\376\377\000N\000o\000v\000e\000m\000b\000e\000r\000\040\0002\0000\0001\0001}{}% 20
\BOOKMARK [1][-]{section.3.1}{\376\377\000Y\000o\000u\000\040\000k\000n\000o\000w\000\040\000y\000o\000u\000\040\000a\000r\000e\000\040\000i\000n\000\040\000T\000o\000k\000y\000o\000\040\000w\000h\000e\000n\000.\000.\000.}{chapter.3}% 21
\BOOKMARK [1][-]{section.3.2}{\376\377\000B\000e\000t\000w\000e\000e\000n\000\040\000t\000h\000e\000\040\000S\000o\000u\000t\000h\000\040\000a\000n\000d\000\040\000t\000h\000e\000\040\000N\000o\000r\000t\000h}{chapter.3}% 22
\BOOKMARK [1][-]{section.3.3}{\376\377\000T\000h\000e\000\040\000B\000e\000s\000t\000\040\000C\000o\000l\000l\000e\000g\000e\000\040\000D\000a\000y\041\042}{chapter.3}% 23
\BOOKMARK [1][-]{section.3.4}{\376\377\000F\000i\000e\000e\000e\000e\000e\000e\000l\000d\000\040\000t\000r\000i\000i\000i\000i\000i\000i\000p\000!}{chapter.3}% 24
\BOOKMARK [1][-]{section.3.5}{\376\377\000C\000u\000l\000i\000n\000a\000r\000y\000\040\000A\000d\000v\000e\000n\000t\000u\000r\000e\000s\000\040\000I\000I\000.}{chapter.3}% 25
\BOOKMARK [1][-]{section.3.6}{\376\377\000T\000i\000m\000e\000\040\000g\000o\000e\000s\000\040\000b\000y\000.\000.\000.}{chapter.3}% 26
\BOOKMARK [1][-]{section.3.7}{\376\377\000E\000x\000p\000e\000r\000i\000e\000n\000c\000e\000\040\000t\000h\000e\000\040\000f\000u\000t\000u\000r\000e\000\040\000\050\000a\000n\000d\000\040\000t\000h\000e\000\040\000p\000a\000s\000t\000\051}{chapter.3}% 27
\BOOKMARK [1][-]{section.3.8}{\376\377\000S\000h\000i\000n\000e\000\040\000Y\000o\000u\000r\000\040\000L\000i\000g\000h\000t}{chapter.3}% 28
\BOOKMARK [0][-]{chapter.4}{\376\377\000D\000e\000c\000e\000m\000b\000e\000r\000\040\0002\0000\0001\0001}{}% 29
\BOOKMARK [1][-]{section.4.1}{\376\377\000I\000\040\000a\000m\000\040\000s\000t\000i\000l\000l\000\040\000a\000l\000i\000v\000e\000!}{chapter.4}% 30
\BOOKMARK [1][-]{section.4.2}{\376\377\000A\000\040\000k\000i\000n\000d\000e\000r\000g\000a\000r\000t\000e\000n\000\040\000w\000e\000e\000k\000e\000n\000d\000\040\000i\000n\000\040\000H\000a\000n\000s\000a\000n}{chapter.4}% 31
\BOOKMARK [1][-]{section.4.3}{\376\377\000T\000h\000e\000\040\000e\000n\000d\000\040\000i\000s\000\040\000n\000i\000g\000h}{chapter.4}% 32
